#
# There is insufficient memory for the Java Runtime Environment to continue.
# Native memory allocation (malloc) failed to allocate 32744 bytes for ChunkPool::allocate
# Possible reasons:
#   The system is out of physical RAM or swap space
#   The process is running with CompressedOops enabled, and the Java Heap may be blocking the growth of the native heap
# Possible solutions:
#   Reduce memory load on the system
#   Increase physical memory or swap space
#   Check if swap backing store is full
#   Decrease Java heap size (-Xmx/-Xms)
#   Decrease number of Java threads
#   Decrease Java thread stack sizes (-Xss)
#   Set larger code cache with -XX:ReservedCodeCacheSize=
#   JVM is running with Zero Based Compressed Oops mode in which the Java heap is
#     placed in the first 32GB address space. The Java Heap base address is the
#     maximum limit for the native heap growth. Please use -XX:HeapBaseMinAddress
#     to set the Java Heap base and to place the Java Heap above 32GB virtual address.
# This output file may be truncated or incomplete.
#
#  Out of Memory Error (allocation.cpp:272), pid=11364, tid=0x00000000000057a0
#
# JRE version: Java(TM) SE Runtime Environment (8.0_211-b12) (build 1.8.0_211-b12)
# Java VM: Java HotSpot(TM) 64-Bit Server VM (25.211-b12 mixed mode windows-amd64 compressed oops)
# Failed to write core dump. Minidumps are not enabled by default on client versions of Windows
#

---------------  T H R E A D  ---------------

Current thread (0x000000001bc86000):  JavaThread "C2 CompilerThread2" daemon [_thread_in_native, id=22432, stack(0x000000001c740000,0x000000001c840000)]

Stack: [0x000000001c740000,0x000000001c840000]
[error occurred during error reporting (printing stack bounds), id 0xc0000005]

Native frames: (J=compiled Java code, j=interpreted, Vv=VM code, C=native code)


Current CompileTask:
C2:   2560 1929       4       javafx.scene.CssStyleHelper::resolveRef (185 bytes)


---------------  P R O C E S S  ---------------

Java Threads: ( => current thread )
  0x000000001d27e800 JavaThread "Prism Font Disposer" daemon [_thread_blocked, id=9868, stack(0x0000000026480000,0x0000000026580000)]
  0x000000001ce23000 JavaThread "Thread-3" daemon [_thread_in_native, id=23512, stack(0x0000000024640000,0x0000000024740000)]
  0x000000001ce2e000 JavaThread "JavaFX-Launcher" [_thread_blocked, id=12648, stack(0x0000000024740000,0x0000000024840000)]
  0x000000001ce08000 JavaThread "JavaFX Application Thread" [_thread_in_vm, id=5056, stack(0x000000001d930000,0x000000001da30000)]
  0x000000001ce07800 JavaThread "Thread-1" daemon [_thread_blocked, id=13076, stack(0x000000001d830000,0x000000001d930000)]
  0x000000001c048800 JavaThread "QuantumRenderer-0" daemon [_thread_blocked, id=27420, stack(0x000000001d580000,0x000000001d680000)]
  0x000000001bca2000 JavaThread "Service Thread" daemon [_thread_blocked, id=21008, stack(0x000000001c940000,0x000000001ca40000)]
  0x000000001bc92800 JavaThread "C1 CompilerThread3" daemon [_thread_in_native, id=11704, stack(0x000000001c840000,0x000000001c940000)]
=>0x000000001bc86000 JavaThread "C2 CompilerThread2" daemon [_thread_in_native, id=22432, stack(0x000000001c740000,0x000000001c840000)]
  0x000000001bc85000 JavaThread "C2 CompilerThread1" daemon [_thread_in_vm, id=6476, stack(0x000000001c640000,0x000000001c740000)]
  0x000000001bc81800 JavaThread "C2 CompilerThread0" daemon [_thread_in_native, id=16676, stack(0x000000001c540000,0x000000001c640000)]
  0x000000001bc80800 JavaThread "Attach Listener" daemon [_thread_blocked, id=26612, stack(0x000000001c440000,0x000000001c540000)]
  0x000000001bc7f800 JavaThread "Signal Dispatcher" daemon [_thread_blocked, id=14888, stack(0x000000001c340000,0x000000001c440000)]
  0x000000001bc71000 JavaThread "Finalizer" daemon [_thread_blocked, id=8624, stack(0x000000001c150000,0x000000001c250000)]
  0x000000001bc70800 JavaThread "Reference Handler" daemon [_thread_blocked, id=26336, stack(0x000000001c050000,0x000000001c150000)]
  0x000000000286d800 JavaThread "main" [_thread_blocked, id=12612, stack(0x0000000002740000,0x0000000002840000)]

Other Threads:
  0x0000000019e69000 VMThread [stack: 0x000000001bb50000,0x000000001bc50000] [id=3188]
  0x000000001bca4800 WatcherThread [stack: 0x000000001ca40000,0x000000001cb40000] [id=25484]

VM state:not at safepoint (normal execution)

VM Mutex/Monitor currently owned by a thread: None

heap address: 0x0000000701e00000, size: 3042 MB, Compressed Oops mode: Zero based, Oop shift amount: 3
Narrow klass base: 0x0000000000000000, Narrow klass shift: 3
Compressed class space size: 1073741824 Address: 0x00000007c0000000

Heap:
 PSYoungGen      total 57344K, used 18129K [0x0000000780a00000, 0x0000000784a00000, 0x00000007c0000000)
  eden space 49152K, 36% used [0x0000000780a00000,0x0000000781bb45b8,0x0000000783a00000)
  from space 8192K, 0% used [0x0000000783a00000,0x0000000783a00000,0x0000000784200000)
  to   space 8192K, 0% used [0x0000000784200000,0x0000000784200000,0x0000000784a00000)
 ParOldGen       total 94720K, used 6389K [0x0000000701e00000, 0x0000000707a80000, 0x0000000780a00000)
  object space 94720K, 6% used [0x0000000701e00000,0x000000070243d4b0,0x0000000707a80000)
 Metaspace       used 19312K, capacity 20662K, committed 20864K, reserved 1069056K
  class space    used 2879K, capacity 3142K, committed 3200K, reserved 1048576K

Card table byte_map: [0x0000000011d30000,0x0000000012330000] byte_map_base: 0x000000000e521000

Marking Bits: (ParMarkBitMap*) 0x00000000762f5ce0
 Begin Bits: [0x0000000012f30000, 0x0000000015eb8000)
 End Bits:   [0x0000000015eb8000, 0x0000000018e40000)

Polling page: 0x00000000026d0000

CodeCache: size=245760Kb used=5953Kb max_used=5966Kb free=239806Kb
 bounds [0x0000000002970000, 0x0000000002f50000, 0x0000000011970000]
 total_blobs=2570 nmethods=1901 adapters=580
 compilation: enabled

Compilation events (10 events):
Event: 2.553 Thread 0x000000001bc92800 nmethod 1901 0x0000000002f3fed0 code [0x0000000002f40040, 0x0000000002f40408]
Event: 2.553 Thread 0x000000001bc92800 1904       3       javafx.beans.property.DoublePropertyBase::fireValueChangedEvent (8 bytes)
Event: 2.553 Thread 0x000000001bc92800 nmethod 1904 0x0000000002f40550 code [0x0000000002f406c0, 0x0000000002f40968]
Event: 2.553 Thread 0x000000001bc92800 1903       1       javafx.scene.effect.Effect::impl_effectDirtyProperty (5 bytes)
Event: 2.553 Thread 0x000000001bc92800 nmethod 1903 0x0000000002f40a50 code [0x0000000002f40ba0, 0x0000000002f40cb0]
Event: 2.554 Thread 0x000000001bc92800 1905   !   3       javafx.scene.CssStyleHelper::transitionToState (1075 bytes)
Event: 2.555 Thread 0x000000001bc86000 nmethod 1874 0x0000000002f446d0 code [0x0000000002f44900, 0x0000000002f45660]
Event: 2.555 Thread 0x000000001bc86000 1882       4       java.lang.String::compareTo (78 bytes)
Event: 2.557 Thread 0x000000001bc86000 nmethod 1882 0x0000000002f41550 code [0x0000000002f416a0, 0x0000000002f41838]
Event: 2.557 Thread 0x000000001bc86000 1929       4       javafx.scene.CssStyleHelper::resolveRef (185 bytes)

GC Heap History (4 events):
Event: 0.925 GC heap before
{Heap before GC invocations=1 (full 0):
 PSYoungGen      total 57344K, used 35656K [0x0000000780a00000, 0x0000000784a00000, 0x00000007c0000000)
  eden space 49152K, 72% used [0x0000000780a00000,0x0000000782cd2168,0x0000000783a00000)
  from space 8192K, 0% used [0x0000000784200000,0x0000000784200000,0x0000000784a00000)
  to   space 8192K, 0% used [0x0000000783a00000,0x0000000783a00000,0x0000000784200000)
 ParOldGen       total 131072K, used 0K [0x0000000701e00000, 0x0000000709e00000, 0x0000000780a00000)
  object space 131072K, 0% used [0x0000000701e00000,0x0000000701e00000,0x0000000709e00000)
 Metaspace       used 15352K, capacity 15946K, committed 16000K, reserved 1069056K
  class space    used 2253K, capacity 2431K, committed 2432K, reserved 1048576K
Event: 0.931 GC heap after
Heap after GC invocations=1 (full 0):
 PSYoungGen      total 57344K, used 6514K [0x0000000780a00000, 0x0000000784a00000, 0x00000007c0000000)
  eden space 49152K, 0% used [0x0000000780a00000,0x0000000780a00000,0x0000000783a00000)
  from space 8192K, 79% used [0x0000000783a00000,0x000000078405ca60,0x0000000784200000)
  to   space 8192K, 0% used [0x0000000784200000,0x0000000784200000,0x0000000784a00000)
 ParOldGen       total 131072K, used 80K [0x0000000701e00000, 0x0000000709e00000, 0x0000000780a00000)
  object space 131072K, 0% used [0x0000000701e00000,0x0000000701e14010,0x0000000709e00000)
 Metaspace       used 15352K, capacity 15946K, committed 16000K, reserved 1069056K
  class space    used 2253K, capacity 2431K, committed 2432K, reserved 1048576K
}
Event: 0.931 GC heap before
{Heap before GC invocations=2 (full 1):
 PSYoungGen      total 57344K, used 6514K [0x0000000780a00000, 0x0000000784a00000, 0x00000007c0000000)
  eden space 49152K, 0% used [0x0000000780a00000,0x0000000780a00000,0x0000000783a00000)
  from space 8192K, 79% used [0x0000000783a00000,0x000000078405ca60,0x0000000784200000)
  to   space 8192K, 0% used [0x0000000784200000,0x0000000784200000,0x0000000784a00000)
 ParOldGen       total 131072K, used 80K [0x0000000701e00000, 0x0000000709e00000, 0x0000000780a00000)
  object space 131072K, 0% used [0x0000000701e00000,0x0000000701e14010,0x0000000709e00000)
 Metaspace       used 15352K, capacity 15946K, committed 16000K, reserved 1069056K
  class space    used 2253K, capacity 2431K, committed 2432K, reserved 1048576K
Event: 0.951 GC heap after
Heap after GC invocations=2 (full 1):
 PSYoungGen      total 57344K, used 0K [0x0000000780a00000, 0x0000000784a00000, 0x00000007c0000000)
  eden space 49152K, 0% used [0x0000000780a00000,0x0000000780a00000,0x0000000783a00000)
  from space 8192K, 0% used [0x0000000783a00000,0x0000000783a00000,0x0000000784200000)
  to   space 8192K, 0% used [0x0000000784200000,0x0000000784200000,0x0000000784a00000)
 ParOldGen       total 94720K, used 6389K [0x0000000701e00000, 0x0000000707a80000, 0x0000000780a00000)
  object space 94720K, 6% used [0x0000000701e00000,0x000000070243d4b0,0x0000000707a80000)
 Metaspace       used 15352K, capacity 15946K, committed 16000K, reserved 1067008K
  class space    used 2253K, capacity 2431K, committed 2432K, reserved 1048576K
}

Deoptimization events (10 events):
Event: 1.092 Thread 0x000000001ce08000 Uncommon trap: reason=bimorphic action=maybe_recompile pc=0x0000000002c56c24 method=java.io.DataInputStream.readChar()C @ 4
Event: 1.092 Thread 0x000000001ce08000 Uncommon trap: reason=bimorphic action=maybe_recompile pc=0x0000000002c56c24 method=java.io.DataInputStream.readChar()C @ 4
Event: 1.092 Thread 0x000000001ce08000 Uncommon trap: reason=bimorphic action=maybe_recompile pc=0x0000000002c56c24 method=java.io.DataInputStream.readChar()C @ 4
Event: 1.092 Thread 0x000000001ce08000 Uncommon trap: reason=bimorphic action=maybe_recompile pc=0x0000000002c56c24 method=java.io.DataInputStream.readChar()C @ 4
Event: 1.166 Thread 0x000000001ce08000 Uncommon trap: reason=unstable_if action=reinterpret pc=0x0000000002d16c68 method=jdk.internal.org.objectweb.asm.Type.getArgumentsAndReturnSizes(Ljava/lang/String;)I @ 47
Event: 2.484 Thread 0x000000001ce08000 Uncommon trap: reason=array_check action=maybe_recompile pc=0x0000000002ef6658 method=com.sun.javafx.css.SimpleSelector.applies(Ljavafx/css/Styleable;[Ljava/util/Set;I)Z @ 37
Event: 2.484 Thread 0x000000001ce08000 Uncommon trap: reason=array_check action=maybe_recompile pc=0x0000000002ef6658 method=com.sun.javafx.css.SimpleSelector.applies(Ljavafx/css/Styleable;[Ljava/util/Set;I)Z @ 37
Event: 2.484 Thread 0x000000001ce08000 Uncommon trap: reason=array_check action=maybe_recompile pc=0x0000000002ef6658 method=com.sun.javafx.css.SimpleSelector.applies(Ljavafx/css/Styleable;[Ljava/util/Set;I)Z @ 37
Event: 2.484 Thread 0x000000001ce08000 Uncommon trap: reason=array_check action=maybe_recompile pc=0x0000000002ef6658 method=com.sun.javafx.css.SimpleSelector.applies(Ljavafx/css/Styleable;[Ljava/util/Set;I)Z @ 37
Event: 2.528 Thread 0x000000001ce08000 Uncommon trap: reason=unstable_if action=reinterpret pc=0x0000000002dce6dc method=com.sun.javafx.css.BitSet.add(Ljava/lang/Object;)Z @ 91

Classes redefined (0 events):
No events

Internal exceptions (10 events):
Event: 0.615 Thread 0x000000001ce08000 Exception <a 'java/io/FileNotFoundException'> (0x0000000782030040) thrown at [C:\re\workspace\8-2-build-windows-amd64-cygwin\jdk8u211\12973\hotspot\src\share\vm\prims\jni.cpp, line 710]
Event: 0.676 Thread 0x000000001ce08000 Exception <a 'java/lang/ArrayIndexOutOfBoundsException'> (0x0000000782251478) thrown at [C:\re\workspace\8-2-build-windows-amd64-cygwin\jdk8u211\12973\hotspot\src\share\vm\runtime\sharedRuntime.cpp, line 605]
Event: 0.676 Thread 0x000000001ce08000 Exception <a 'java/lang/ArrayIndexOutOfBoundsException'> (0x0000000782252478) thrown at [C:\re\workspace\8-2-build-windows-amd64-cygwin\jdk8u211\12973\hotspot\src\share\vm\runtime\sharedRuntime.cpp, line 605]
Event: 0.676 Thread 0x000000001ce08000 Exception <a 'java/lang/ArrayIndexOutOfBoundsException'> (0x0000000782253ce8) thrown at [C:\re\workspace\8-2-build-windows-amd64-cygwin\jdk8u211\12973\hotspot\src\share\vm\runtime\sharedRuntime.cpp, line 605]
Event: 0.714 Thread 0x000000001ce08000 Implicit null exception at 0x0000000002c48e35 to 0x0000000002c49065
Event: 0.990 Thread 0x000000001ce08000 Exception <a 'java/lang/ClassCastException': javafx.scene.paint.Color cannot be cast to java.lang.String> (0x0000000780b91688) thrown at [C:\re\workspace\8-2-build-windows-amd64-cygwin\jdk8u211\12973\hotspot\src\share\vm\interpreter\interpreterRuntime.cpp
Event: 0.991 Thread 0x000000001ce08000 Exception <a 'java/lang/ClassCastException': javafx.scene.paint.Color cannot be cast to java.lang.String> (0x0000000780b9aea0) thrown at [C:\re\workspace\8-2-build-windows-amd64-cygwin\jdk8u211\12973\hotspot\src\share\vm\interpreter\interpreterRuntime.cpp
Event: 2.473 Thread 0x000000001ce08000 Exception <a 'java/lang/ArrayIndexOutOfBoundsException'> (0x0000000781775348) thrown at [C:\re\workspace\8-2-build-windows-amd64-cygwin\jdk8u211\12973\hotspot\src\share\vm\runtime\sharedRuntime.cpp, line 605]
Event: 2.473 Thread 0x000000001ce08000 Exception <a 'java/lang/ArrayIndexOutOfBoundsException'> (0x0000000781776540) thrown at [C:\re\workspace\8-2-build-windows-amd64-cygwin\jdk8u211\12973\hotspot\src\share\vm\runtime\sharedRuntime.cpp, line 605]
Event: 2.473 Thread 0x000000001ce08000 Exception <a 'java/lang/ArrayIndexOutOfBoundsException'> (0x0000000781778328) thrown at [C:\re\workspace\8-2-build-windows-amd64-cygwin\jdk8u211\12973\hotspot\src\share\vm\runtime\sharedRuntime.cpp, line 605]

Events (10 events):
Event: 2.538 loading class com/sun/javafx/scene/control/skin/ListViewSkin
Event: 2.538 loading class com/sun/javafx/scene/control/skin/ListViewSkin done
Event: 2.538 loading class com/sun/javafx/scene/control/skin/ListViewSkin
Event: 2.538 loading class com/sun/javafx/scene/control/skin/ListViewSkin done
Event: 2.538 loading class com/sun/javafx/scene/control/skin/ListViewSkin
Event: 2.538 loading class com/sun/javafx/scene/control/skin/ListViewSkin done
Event: 2.538 loading class com/sun/javafx/scene/control/skin/ListViewSkin
Event: 2.538 loading class com/sun/javafx/scene/control/skin/ListViewSkin done
Event: 2.538 loading class com/sun/javafx/scene/control/skin/ListViewSkin
Event: 2.538 loading class com/sun/javafx/scene/control/skin/ListViewSkin done


Dynamic libraries:
0x00007ff6c8fd0000 - 0x00007ff6c9007000 	C:\Program Files\Java\jdk1.8.0_211\jre\bin\java.exe
0x00007ffb5c820000 - 0x00007ffb5ca10000 	C:\WINDOWS\SYSTEM32\ntdll.dll
0x00007ffb5adc0000 - 0x00007ffb5ae72000 	C:\WINDOWS\System32\KERNEL32.DLL
0x00007ffb59ca0000 - 0x00007ffb59f44000 	C:\WINDOWS\System32\KERNELBASE.dll
0x00007ffb5b020000 - 0x00007ffb5b0c3000 	C:\WINDOWS\System32\ADVAPI32.dll
0x00007ffb5ad20000 - 0x00007ffb5adbe000 	C:\WINDOWS\System32\msvcrt.dll
0x00007ffb5bf80000 - 0x00007ffb5c017000 	C:\WINDOWS\System32\sechost.dll
0x00007ffb5ae90000 - 0x00007ffb5afb0000 	C:\WINDOWS\System32\RPCRT4.dll
0x00007ffb5b760000 - 0x00007ffb5b8f4000 	C:\WINDOWS\System32\USER32.dll
0x00007ffb5a6d0000 - 0x00007ffb5a6f1000 	C:\WINDOWS\System32\win32u.dll
0x00007ffb5b250000 - 0x00007ffb5b276000 	C:\WINDOWS\System32\GDI32.dll
0x00007ffb5a700000 - 0x00007ffb5a894000 	C:\WINDOWS\System32\gdi32full.dll
0x00007ffb597b0000 - 0x00007ffb5984e000 	C:\WINDOWS\System32\msvcp_win.dll
0x00007ffb59aa0000 - 0x00007ffb59b9a000 	C:\WINDOWS\System32\ucrtbase.dll
0x00007ffb43540000 - 0x00007ffb437c4000 	C:\WINDOWS\WinSxS\amd64_microsoft.windows.common-controls_6595b64144ccf1df_6.0.18362.836_none_e6c4b943130f18ed\COMCTL32.dll
0x00007ffb5b930000 - 0x00007ffb5bc66000 	C:\WINDOWS\System32\combase.dll
0x00007ffb59850000 - 0x00007ffb598d0000 	C:\WINDOWS\System32\bcryptPrimitives.dll
0x00007ffb5b900000 - 0x00007ffb5b92e000 	C:\WINDOWS\System32\IMM32.DLL
0x0000000050520000 - 0x00000000505f2000 	C:\Program Files\Java\jdk1.8.0_211\jre\bin\msvcr100.dll
0x0000000075ad0000 - 0x0000000076375000 	C:\Program Files\Java\jdk1.8.0_211\jre\bin\server\jvm.dll
0x00007ffb5b190000 - 0x00007ffb5b198000 	C:\WINDOWS\System32\PSAPI.DLL
0x00007ffb56040000 - 0x00007ffb56064000 	C:\WINDOWS\SYSTEM32\WINMM.dll
0x00007ffb55750000 - 0x00007ffb55759000 	C:\WINDOWS\SYSTEM32\WSOCK32.dll
0x00007ffb47ad0000 - 0x00007ffb47ada000 	C:\WINDOWS\SYSTEM32\VERSION.dll
0x00007ffb5b6f0000 - 0x00007ffb5b75f000 	C:\WINDOWS\System32\WS2_32.dll
0x00007ffb56010000 - 0x00007ffb5603d000 	C:\WINDOWS\SYSTEM32\winmmbase.dll
0x00007ffb59ba0000 - 0x00007ffb59bea000 	C:\WINDOWS\System32\cfgmgr32.dll
0x00007ffb49820000 - 0x00007ffb4982f000 	C:\Program Files\Java\jdk1.8.0_211\jre\bin\verify.dll
0x00007ffb3e690000 - 0x00007ffb3e6b9000 	C:\Program Files\Java\jdk1.8.0_211\jre\bin\java.dll
0x00007ffb49800000 - 0x00007ffb49816000 	C:\Program Files\Java\jdk1.8.0_211\jre\bin\zip.dll
0x00007ffb5c0f0000 - 0x00007ffb5c7d4000 	C:\WINDOWS\System32\SHELL32.dll
0x00007ffb5b1a0000 - 0x00007ffb5b249000 	C:\WINDOWS\System32\shcore.dll
0x00007ffb59f50000 - 0x00007ffb5a6ce000 	C:\WINDOWS\System32\windows.storage.dll
0x00007ffb59730000 - 0x00007ffb59753000 	C:\WINDOWS\System32\profapi.dll
0x00007ffb59760000 - 0x00007ffb597aa000 	C:\WINDOWS\System32\powrprof.dll
0x00007ffb596e0000 - 0x00007ffb596f0000 	C:\WINDOWS\System32\UMPDC.dll
0x00007ffb5afc0000 - 0x00007ffb5b012000 	C:\WINDOWS\System32\shlwapi.dll
0x00007ffb59710000 - 0x00007ffb59721000 	C:\WINDOWS\System32\kernel.appcore.dll
0x00007ffb598d0000 - 0x00007ffb598e7000 	C:\WINDOWS\System32\cryptsp.dll
0x0000000002710000 - 0x0000000002713000 	C:\Program Files\Java\jdk1.8.0_211\jre\bin\api-ms-win-core-console-l1-1-0.dll
0x0000000002720000 - 0x0000000002723000 	C:\Program Files\Java\jdk1.8.0_211\jre\bin\api-ms-win-core-datetime-l1-1-0.dll
0x0000000002840000 - 0x0000000002843000 	C:\Program Files\Java\jdk1.8.0_211\jre\bin\api-ms-win-core-debug-l1-1-0.dll
0x0000000002850000 - 0x0000000002853000 	C:\Program Files\Java\jdk1.8.0_211\jre\bin\api-ms-win-core-errorhandling-l1-1-0.dll
0x000000001cb40000 - 0x000000001cb44000 	C:\Program Files\Java\jdk1.8.0_211\jre\bin\api-ms-win-core-file-l1-1-0.dll
0x000000001cb50000 - 0x000000001cb53000 	C:\Program Files\Java\jdk1.8.0_211\jre\bin\api-ms-win-core-file-l1-2-0.dll
0x000000001cb60000 - 0x000000001cb63000 	C:\Program Files\Java\jdk1.8.0_211\jre\bin\api-ms-win-core-file-l2-1-0.dll
0x000000001cb70000 - 0x000000001cb73000 	C:\Program Files\Java\jdk1.8.0_211\jre\bin\api-ms-win-core-handle-l1-1-0.dll
0x000000001cb80000 - 0x000000001cb83000 	C:\Program Files\Java\jdk1.8.0_211\jre\bin\api-ms-win-core-heap-l1-1-0.dll
0x000000001cb90000 - 0x000000001cb93000 	C:\Program Files\Java\jdk1.8.0_211\jre\bin\api-ms-win-core-interlocked-l1-1-0.dll
0x000000001cba0000 - 0x000000001cba3000 	C:\Program Files\Java\jdk1.8.0_211\jre\bin\api-ms-win-core-libraryloader-l1-1-0.dll
0x000000001cbb0000 - 0x000000001cbb3000 	C:\Program Files\Java\jdk1.8.0_211\jre\bin\api-ms-win-core-localization-l1-2-0.dll
0x000000001cbc0000 - 0x000000001cbc3000 	C:\Program Files\Java\jdk1.8.0_211\jre\bin\api-ms-win-core-memory-l1-1-0.dll
0x000000001cbd0000 - 0x000000001cbd3000 	C:\Program Files\Java\jdk1.8.0_211\jre\bin\api-ms-win-core-namedpipe-l1-1-0.dll
0x000000001cbe0000 - 0x000000001cbe3000 	C:\Program Files\Java\jdk1.8.0_211\jre\bin\api-ms-win-core-processenvironment-l1-1-0.dll
0x000000001cbf0000 - 0x000000001cbf3000 	C:\Program Files\Java\jdk1.8.0_211\jre\bin\api-ms-win-core-processthreads-l1-1-0.dll
0x000000001cc00000 - 0x000000001cc03000 	C:\Program Files\Java\jdk1.8.0_211\jre\bin\api-ms-win-core-processthreads-l1-1-1.dll
0x000000001cc10000 - 0x000000001cc13000 	C:\Program Files\Java\jdk1.8.0_211\jre\bin\api-ms-win-core-profile-l1-1-0.dll
0x000000001cc20000 - 0x000000001cc23000 	C:\Program Files\Java\jdk1.8.0_211\jre\bin\api-ms-win-core-rtlsupport-l1-1-0.dll
0x000000001cc30000 - 0x000000001cc33000 	C:\Program Files\Java\jdk1.8.0_211\jre\bin\api-ms-win-core-string-l1-1-0.dll
0x000000001cc40000 - 0x000000001cc43000 	C:\Program Files\Java\jdk1.8.0_211\jre\bin\api-ms-win-core-synch-l1-1-0.dll
0x000000001cc50000 - 0x000000001cc53000 	C:\Program Files\Java\jdk1.8.0_211\jre\bin\api-ms-win-core-synch-l1-2-0.dll
0x000000001cc60000 - 0x000000001cc63000 	C:\Program Files\Java\jdk1.8.0_211\jre\bin\api-ms-win-core-sysinfo-l1-1-0.dll
0x000000001cc70000 - 0x000000001cc73000 	C:\Program Files\Java\jdk1.8.0_211\jre\bin\api-ms-win-core-timezone-l1-1-0.dll
0x000000001cc80000 - 0x000000001cc83000 	C:\Program Files\Java\jdk1.8.0_211\jre\bin\api-ms-win-core-util-l1-1-0.dll
0x000000001cc90000 - 0x000000001cc93000 	C:\Program Files\Java\jdk1.8.0_211\jre\bin\api-ms-win-crt-conio-l1-1-0.dll
0x000000001cca0000 - 0x000000001cca4000 	C:\Program Files\Java\jdk1.8.0_211\jre\bin\api-ms-win-crt-convert-l1-1-0.dll
0x000000001ccb0000 - 0x000000001ccb3000 	C:\Program Files\Java\jdk1.8.0_211\jre\bin\api-ms-win-crt-environment-l1-1-0.dll
0x000000001ccc0000 - 0x000000001ccc3000 	C:\Program Files\Java\jdk1.8.0_211\jre\bin\api-ms-win-crt-filesystem-l1-1-0.dll
0x000000001ccd0000 - 0x000000001ccd3000 	C:\Program Files\Java\jdk1.8.0_211\jre\bin\api-ms-win-crt-heap-l1-1-0.dll
0x000000001cce0000 - 0x000000001cce3000 	C:\Program Files\Java\jdk1.8.0_211\jre\bin\api-ms-win-crt-locale-l1-1-0.dll
0x000000001ccf0000 - 0x000000001ccf5000 	C:\Program Files\Java\jdk1.8.0_211\jre\bin\api-ms-win-crt-math-l1-1-0.dll
0x000000001cd00000 - 0x000000001cd05000 	C:\Program Files\Java\jdk1.8.0_211\jre\bin\api-ms-win-crt-multibyte-l1-1-0.dll
0x000000001cd10000 - 0x000000001cd20000 	C:\Program Files\Java\jdk1.8.0_211\jre\bin\api-ms-win-crt-private-l1-1-0.dll
0x000000001cd20000 - 0x000000001cd23000 	C:\Program Files\Java\jdk1.8.0_211\jre\bin\api-ms-win-crt-process-l1-1-0.dll
0x000000001cd30000 - 0x000000001cd34000 	C:\Program Files\Java\jdk1.8.0_211\jre\bin\api-ms-win-crt-runtime-l1-1-0.dll
0x000000001cd40000 - 0x000000001cd44000 	C:\Program Files\Java\jdk1.8.0_211\jre\bin\api-ms-win-crt-stdio-l1-1-0.dll
0x000000001cd50000 - 0x000000001cd54000 	C:\Program Files\Java\jdk1.8.0_211\jre\bin\api-ms-win-crt-string-l1-1-0.dll
0x000000001cd60000 - 0x000000001cd63000 	C:\Program Files\Java\jdk1.8.0_211\jre\bin\api-ms-win-crt-time-l1-1-0.dll
0x000000001cd70000 - 0x000000001cd73000 	C:\Program Files\Java\jdk1.8.0_211\jre\bin\api-ms-win-crt-utility-l1-1-0.dll
0x00007ffb280a0000 - 0x00007ffb28196000 	C:\Program Files\Java\jdk1.8.0_211\jre\bin\ucrtbase.dll
0x00007ffb42320000 - 0x00007ffb42336000 	C:\Program Files\Java\jdk1.8.0_211\jre\bin\vcruntime140.dll
0x00007ffb2e420000 - 0x00007ffb2e4ca000 	C:\Program Files\Java\jdk1.8.0_211\jre\bin\msvcp140.dll
0x00007ffb32270000 - 0x00007ffb322c4000 	C:\Program Files\Java\jdk1.8.0_211\jre\bin\concrt140.dll
0x00007ffb40be0000 - 0x00007ffb40c03000 	C:\Program Files\Java\jdk1.8.0_211\jre\bin\prism_d3d.dll
0x00007ffb20ec0000 - 0x00007ffb21087000 	C:\WINDOWS\system32\d3d9.dll
0x00007ffb57d50000 - 0x00007ffb57d7d000 	C:\WINDOWS\SYSTEM32\dwmapi.dll
0x00007ffb58080000 - 0x00007ffb580a0000 	C:\WINDOWS\SYSTEM32\dxcore.dll
0x00007ffb57710000 - 0x00007ffb577a9000 	C:\WINDOWS\system32\uxtheme.dll
0x00007ffae6f10000 - 0x00007ffaea0d8000 	C:\WINDOWS\System32\DriverStore\FileRepository\ki125410.inf_amd64_c4292f15a0e8e24a\igdumdim64.dll
0x00007ffb5b280000 - 0x00007ffb5b6f0000 	C:\WINDOWS\System32\SETUPAPI.dll
0x00007ffb5a8a0000 - 0x00007ffb5a8c6000 	C:\WINDOWS\System32\bcrypt.dll
0x00007ffb5a940000 - 0x00007ffb5aa97000 	C:\WINDOWS\System32\ole32.dll
0x00007ffb5beb0000 - 0x00007ffb5bf74000 	C:\WINDOWS\System32\OLEAUT32.dll
0x00007ffb2dd90000 - 0x00007ffb2ddd9000 	C:\Program Files\Java\jdk1.8.0_211\jre\bin\glass.dll
0x00007ffb5c020000 - 0x00007ffb5c0f0000 	C:\WINDOWS\System32\COMDLG32.dll
0x00007ffb5bcf0000 - 0x00007ffb5be26000 	C:\WINDOWS\System32\MSCTF.dll
0x00007ffb27f40000 - 0x00007ffb27fc7000 	C:\Program Files (x86)\TeamViewer\tv_x64.dll
0x00007ffb4bb40000 - 0x00007ffb4d170000 	C:\WINDOWS\System32\DriverStore\FileRepository\ki125410.inf_amd64_c4292f15a0e8e24a\igc64.dll
0x00007ffb348f0000 - 0x00007ffb3491c000 	C:\Program Files\Java\jdk1.8.0_211\jre\bin\javafx_iio.dll
0x00007ffb3f010000 - 0x00007ffb3f024000 	C:\Program Files\Java\jdk1.8.0_211\jre\bin\javafx_font.dll
0x00007ffb334a0000 - 0x00007ffb3379e000 	C:\WINDOWS\SYSTEM32\dwrite.dll
0x00007ffb5ac70000 - 0x00007ffb5ad12000 	C:\WINDOWS\System32\clbcatq.dll
0x00007ffb528a0000 - 0x00007ffb52a4f000 	C:\WINDOWS\SYSTEM32\WindowsCodecs.dll
0x00007ffb3f100000 - 0x00007ffb3f13a000 	C:\WINDOWS\system32\dataexchange.dll
0x00007ffb56e50000 - 0x00007ffb570ab000 	C:\WINDOWS\system32\d3d11.dll
0x00007ffb56140000 - 0x00007ffb5631c000 	C:\WINDOWS\system32\dcomp.dll
0x00007ffb58150000 - 0x00007ffb5823b000 	C:\WINDOWS\system32\dxgi.dll
0x00007ffb577d0000 - 0x00007ffb57a31000 	C:\WINDOWS\system32\twinapi.appcore.dll
0x00007ffb57c20000 - 0x00007ffb57c49000 	C:\WINDOWS\system32\RMCLIENT.dll
0x00007ffb2dd30000 - 0x00007ffb2dd63000 	C:\Program Files\Common Files\Microsoft Shared\Ink\rtscom.dll
0x00007ffb4af20000 - 0x00007ffb4afbe000 	C:\WINDOWS\System32\TextInputFramework.dll
0x00007ffb56320000 - 0x00007ffb563f4000 	C:\WINDOWS\System32\CoreMessaging.dll
0x00007ffb53b80000 - 0x00007ffb53eaa000 	C:\WINDOWS\System32\CoreUIComponents.dll
0x00007ffb587c0000 - 0x00007ffb587f1000 	C:\WINDOWS\SYSTEM32\ntmarta.dll
0x00007ffb55140000 - 0x00007ffb55293000 	C:\WINDOWS\SYSTEM32\wintypes.dll
0x00007ffb4a760000 - 0x00007ffb4aa06000 	C:\WINDOWS\System32\iertutil.dll
0x00007ffb3e710000 - 0x00007ffb3e721000 	C:\Program Files\Java\jdk1.8.0_211\jre\bin\prism_common.dll

VM Arguments:
jvm_args: -Dfile.encoding=UTF-8 
java_command: C:\Users\nurcan\Documents\NetBeansProjects\BiletSatisOtomasyonuu\dist\run994795561\BiletSatisOtomasyonuu.jar
java_class_path (initial): C:\Users\nurcan\Documents\NetBeansProjects\BiletSatisOtomasyonuu\dist\run994795561\BiletSatisOtomasyonuu.jar
Launcher Type: SUN_STANDARD

Environment Variables:
PATH=C:\Program Files\AdoptOpenJDK\jdk-8.0.242.08-hotspot\bin;C:\Program Files (x86)\Common Files\Oracle\Java\javapath;C:\Program Files (x86)\Intel\iCLS Client\;C:\Program Files\Intel\iCLS Client\;C:\WINDOWS\system32;C:\WINDOWS;C:\WINDOWS\System32\Wbem;C:\WINDOWS\System32\WindowsPowerShell\v1.0\;C:\Program Files (x86)\Intel\Intel(R) Management Engine Components\DAL;C:\Program Files\Intel\Intel(R) Management Engine Components\DAL;C:\Program Files (x86)\Intel\Intel(R) Management Engine Components\IPT;C:\Program Files\Intel\Intel(R) Management Engine Components\IPT;C:\WINDOWS\System32\OpenSSH\;C:\Users\nurcan\AppData\Local\Microsoft\WindowsApps;C:\Users\nurcan\AppData\Local\GitHubDesktop\bin;C:\Program Files\PostgreSQL\12\bin;
USERNAME=nurcan
OS=Windows_NT
PROCESSOR_IDENTIFIER=Intel64 Family 6 Model 142 Stepping 10, GenuineIntel



---------------  S Y S T E M  ---------------

OS: Windows 10.0 , 64 bit Build 18362 (10.0.18362.778)

CPU:total 8 (initial active 8) (4 cores per cpu, 2 threads per core) family 6 model 142 stepping 10, cmov, cx8, fxsr, mmx, sse, sse2, sse3, ssse3, sse4.1, sse4.2, popcnt, avx, avx2, aes, clmul, erms, 3dnowpref, lzcnt, ht, tsc, tscinvbit, bmi1, bmi2, adx

Memory: 4k page, physical 12454628k(5264944k free), swap 20646628k(5132k free)

vm_info: Java HotSpot(TM) 64-Bit Server VM (25.211-b12) for windows-amd64 JRE (1.8.0_211-b12), built on Apr  1 2019 20:53:26 by "java_re" with MS VC++ 10.0 (VS2010)

time: Mon May 25 15:41:01 2020
timezone: Türkiye Standart Saati
elapsed time: 2 seconds (0d 0h 0m 2s)

